<?xml version="1.0" encoding="UTF-8"?>
<testsuite name="MainTest" tests="6" skipped="0" failures="0" errors="0" timestamp="2022-02-27T21:00:14" hostname="MacBook-Pro-2" time="0.056">
  <properties/>
  <testcase name="find most popular character in a list of characters" classname="MainTest" time="0.039"/>
  <testcase name="find most popular character in column 2 of the sample data is 's'" classname="MainTest" time="0.001"/>
  <testcase name="resulting word from sample data is easter" classname="MainTest" time="0.001"/>
  <testcase name="result for part one using PuzzleInput is asvcbhvg" classname="MainTest" time="0.002"/>
  <testcase name="resulting word using sample data is advent" classname="MainTest" time="0.0"/>
  <testcase name="resulting for part two using PuzzleInput is odqnikqv" classname="MainTest" time="0.002"/>
  <system-out><![CDATA[]]></system-out>
  <system-err><![CDATA[]]></system-err>
</testsuite>
