<?xml version="1.0" encoding="UTF-8"?>
<testsuite name="MainTest" tests="4" skipped="0" failures="0" errors="0" timestamp="2022-02-27T12:40:32" hostname="MacBook-Pro-2" time="0.068">
  <properties/>
  <testcase name="find most popular character in a list of characters" classname="MainTest" time="0.054"/>
  <testcase name="find most popular character in column 2 of the sample data is 's'" classname="MainTest" time="0.001"/>
  <testcase name="resulting word from sample data is easter" classname="MainTest" time="0.002"/>
  <testcase name="result for part one using PuzzleInput is asvcbhvg" classname="MainTest" time="0.004"/>
  <system-out><![CDATA[]]></system-out>
  <system-err><![CDATA[]]></system-err>
</testsuite>
