<?xml version="1.0" encoding="UTF-8"?>
<testsuite name="MainTest" tests="11" skipped="0" failures="1" errors="0" timestamp="2022-02-23T13:17:11" hostname="MacBook-Pro-2" time="0.118">
  <properties/>
  <testcase name="converting R2 to an Instruction" classname="MainTest" time="0.016"/>
  <testcase name="starting at Location(1,1) facing North then instruction R2 results in Location(3,1) facing East." classname="MainTest" time="0.004"/>
  <testcase name="starting at Location(1,1) facing North then instruction L2 results in Location(-2,1) facing West." classname="MainTest" time="0.0"/>
  <testcase name="Following R2, L3 leaves you 2 blocks East and 3 blocks North, or 5 blocks away." classname="MainTest" time="0.001"/>
  <testcase name="R2, R2, R2 leaves you 2 blocks due South of your starting position, which is 2 blocks away." classname="MainTest" time="0.001"/>
  <testcase name="R5, L5, R5, R3 leaves you 12 blocks away." classname="MainTest" time="0.001"/>
  <testcase name="part one using puzzle input" classname="MainTest" time="0.001"/>
  <testcase name="line (1,3) to (5,3) crosses line (2,1) to (2,4) at position(2,3)" classname="MainTest" time="0.043"/>
  <testcase name="line (2,4) to (2,1) crosses line (5,3) to (1,3) at position(2,3)" classname="MainTest" time="0.0"/>
  <testcase name="if your instructions are R8, R4, R4, R8, the first location you visit twice is 4 blocks away, due East." classname="MainTest" time="0.001"/>
  <testcase name="Part two using puzzle input" classname="MainTest" time="0.02">
    <failure message="io.kotest.assertions.AssertionFailedError: expected:&lt;4&gt; but was:&lt;118&gt;" type="io.kotest.assertions.AssertionFailedError">io.kotest.assertions.AssertionFailedError: expected:&lt;4&gt; but was:&lt;118&gt;
	at MainTest$1$2$4.invokeSuspend(MainTest.kt:64)
	at MainTest$1$2$4.invoke(MainTest.kt)
	at MainTest$1$2$4.invoke(MainTest.kt)
	at io.kotest.core.spec.style.scopes.WordSpecShouldContainerScope$invoke$2.invokeSuspend(WordSpecShouldContainerScope.kt:64)
	at io.kotest.core.spec.style.scopes.WordSpecShouldContainerScope$invoke$2.invoke(WordSpecShouldContainerScope.kt)
	at io.kotest.core.spec.style.scopes.WordSpecShouldContainerScope$invoke$2.invoke(WordSpecShouldContainerScope.kt)
	at io.kotest.engine.test.TestCaseExecutor$execute$innerExecute$1.invokeSuspend(TestCaseExecutor.kt:73)
	at io.kotest.engine.test.TestCaseExecutor$execute$innerExecute$1.invoke(TestCaseExecutor.kt)
	at io.kotest.engine.test.TestCaseExecutor$execute$innerExecute$1.invoke(TestCaseExecutor.kt)
	at io.kotest.engine.test.interceptors.CoroutineDebugProbeInterceptor.intercept(CoroutineDebugProbeInterceptor.kt:29)
	at io.kotest.engine.test.TestCaseExecutor$execute$2$1.invokeSuspend(TestCaseExecutor.kt:78)
	at io.kotest.engine.test.TestCaseExecutor$execute$2$1.invoke(TestCaseExecutor.kt)
	at io.kotest.engine.test.TestCaseExecutor$execute$2$1.invoke(TestCaseExecutor.kt)
	at io.kotest.engine.test.interceptors.InvocationTimeoutInterceptor$intercept$3.invokeSuspend(InvocationTimeoutInterceptor.kt:43)
	at io.kotest.engine.test.interceptors.InvocationTimeoutInterceptor$intercept$3.invoke(InvocationTimeoutInterceptor.kt)
	at io.kotest.engine.test.interceptors.InvocationTimeoutInterceptor$intercept$3.invoke(InvocationTimeoutInterceptor.kt)
	at kotlinx.coroutines.intrinsics.UndispatchedKt.startUndispatchedOrReturnIgnoreTimeout(Undispatched.kt:100)
	at kotlinx.coroutines.TimeoutKt.setupTimeout(Timeout.kt:146)
	at kotlinx.coroutines.TimeoutKt.withTimeoutOrNull(Timeout.kt:103)
	at kotlinx.coroutines.TimeoutKt.withTimeoutOrNull-KLykuaI(Timeout.kt:134)
	at io.kotest.engine.test.interceptors.InvocationTimeoutInterceptor.intercept(InvocationTimeoutInterceptor.kt:42)
	at io.kotest.engine.test.TestCaseExecutor$execute$2$1.invokeSuspend(TestCaseExecutor.kt:78)
	at io.kotest.engine.test.TestCaseExecutor$execute$2$1.invoke(TestCaseExecutor.kt)
	at io.kotest.engine.test.TestCaseExecutor$execute$2$1.invoke(TestCaseExecutor.kt)
	at io.kotest.engine.test.TestInvocationInterceptor$intercept$2$3.invokeSuspend(TestInvocationInterceptor.kt:35)
	at io.kotest.engine.test.TestInvocationInterceptor$intercept$2$3.invoke(TestInvocationInterceptor.kt)
	at io.kotest.engine.test.TestInvocationInterceptor$intercept$2$3.invoke(TestInvocationInterceptor.kt)
	at io.kotest.mpp.ReplayKt.replay(replay.kt:18)
	at io.kotest.engine.test.TestInvocationInterceptor$intercept$2.invokeSuspend(TestInvocationInterceptor.kt:30)
	at io.kotest.engine.test.TestInvocationInterceptor$intercept$2.invoke(TestInvocationInterceptor.kt)
	at io.kotest.engine.test.TestInvocationInterceptor$intercept$2.invoke(TestInvocationInterceptor.kt)
	at kotlinx.coroutines.intrinsics.UndispatchedKt.startUndispatchedOrReturn(Undispatched.kt:89)
	at kotlinx.coroutines.CoroutineScopeKt.coroutineScope(CoroutineScope.kt:264)
	at io.kotest.engine.test.TestInvocationInterceptor.intercept(TestInvocationInterceptor.kt:29)
	at io.kotest.engine.test.TestCaseExecutor$execute$2$1.invokeSuspend(TestCaseExecutor.kt:78)
	at io.kotest.engine.test.TestCaseExecutor$execute$2$1.invoke(TestCaseExecutor.kt)
	at io.kotest.engine.test.TestCaseExecutor$execute$2$1.invoke(TestCaseExecutor.kt)
	at io.kotest.engine.test.interceptors.TimeoutInterceptor$intercept$3.invokeSuspend(TimeoutInterceptor.kt:34)
	at io.kotest.engine.test.interceptors.TimeoutInterceptor$intercept$3.invoke(TimeoutInterceptor.kt)
	at io.kotest.engine.test.interceptors.TimeoutInterceptor$intercept$3.invoke(TimeoutInterceptor.kt)
	at kotlinx.coroutines.intrinsics.UndispatchedKt.startUndispatchedOrReturnIgnoreTimeout(Undispatched.kt:100)
	at kotlinx.coroutines.TimeoutKt.setupTimeout(Timeout.kt:146)
	at kotlinx.coroutines.TimeoutKt.withTimeout(Timeout.kt:44)
	at kotlinx.coroutines.TimeoutKt.withTimeout-KLykuaI(Timeout.kt:71)
	at io.kotest.engine.test.interceptors.TimeoutInterceptor.intercept(TimeoutInterceptor.kt:33)
	at io.kotest.engine.test.TestCaseExecutor$execute$2$1.invokeSuspend(TestCaseExecutor.kt:78)
	at io.kotest.engine.test.TestCaseExecutor$execute$2$1.invoke(TestCaseExecutor.kt)
	at io.kotest.engine.test.TestCaseExecutor$execute$2$1.invoke(TestCaseExecutor.kt)
	at io.kotest.engine.test.interceptors.BlockedThreadTimeoutInterceptor.intercept(BlockedThreadTimeoutInterceptor.kt:74)
	at io.kotest.engine.test.TestCaseExecutor$execute$2$1.invokeSuspend(TestCaseExecutor.kt:78)
	at io.kotest.engine.test.TestCaseExecutor$execute$2$1.invoke(TestCaseExecutor.kt)
	at io.kotest.engine.test.TestCaseExecutor$execute$2$1.invoke(TestCaseExecutor.kt)
	at io.kotest.engine.test.interceptors.CoroutineLoggingInterceptor.intercept(CoroutineLoggingInterceptor.kt:30)
	at io.kotest.engine.test.TestCaseExecutor$execute$2$1.invokeSuspend(TestCaseExecutor.kt:78)
	at io.kotest.engine.test.TestCaseExecutor$execute$2$1.invoke(TestCaseExecutor.kt)
	at io.kotest.engine.test.TestCaseExecutor$execute$2$1.invoke(TestCaseExecutor.kt)
	at io.kotest.engine.test.interceptors.SoftAssertInterceptor.intercept(SoftAssertInterceptor.kt:27)
	at io.kotest.engine.test.TestCaseExecutor$execute$2$1.invokeSuspend(TestCaseExecutor.kt:78)
	at io.kotest.engine.test.TestCaseExecutor$execute$2$1.invoke(TestCaseExecutor.kt)
	at io.kotest.engine.test.TestCaseExecutor$execute$2$1.invoke(TestCaseExecutor.kt)
	at io.kotest.engine.test.interceptors.AssertionModeInterceptor.intercept(AssertionModeInterceptor.kt:25)
	at io.kotest.engine.test.TestCaseExecutor$execute$2$1.invokeSuspend(TestCaseExecutor.kt:78)
	at io.kotest.engine.test.TestCaseExecutor$execute$2$1.invoke(TestCaseExecutor.kt)
	at io.kotest.engine.test.TestCaseExecutor$execute$2$1.invoke(TestCaseExecutor.kt)
	at io.kotest.engine.test.interceptors.LifecycleInterceptor.intercept(LifecycleInterceptor.kt:50)
	at io.kotest.engine.test.TestCaseExecutor$execute$2$1.invokeSuspend(TestCaseExecutor.kt:78)
	at io.kotest.engine.test.TestCaseExecutor$execute$2$1.invoke(TestCaseExecutor.kt)
	at io.kotest.engine.test.TestCaseExecutor$execute$2$1.invoke(TestCaseExecutor.kt)
	at io.kotest.engine.test.interceptors.EnabledCheckInterceptor.intercept(EnabledCheckInterceptor.kt:31)
	at io.kotest.engine.test.TestCaseExecutor$execute$2$1.invokeSuspend(TestCaseExecutor.kt:78)
	at io.kotest.engine.test.TestCaseExecutor$execute$2$1.invoke(TestCaseExecutor.kt)
	at io.kotest.engine.test.TestCaseExecutor$execute$2$1.invoke(TestCaseExecutor.kt)
	at io.kotest.engine.test.interceptors.TestCaseExtensionInterceptor$intercept$2.invokeSuspend(TestCaseExtensionInterceptor.kt:24)
	at io.kotest.engine.test.interceptors.TestCaseExtensionInterceptor$intercept$2.invoke(TestCaseExtensionInterceptor.kt)
	at io.kotest.engine.test.interceptors.TestCaseExtensionInterceptor$intercept$2.invoke(TestCaseExtensionInterceptor.kt)
	at io.kotest.engine.test.TestExtensions.intercept(TestExtensions.kt:154)
	at io.kotest.engine.test.interceptors.TestCaseExtensionInterceptor.intercept(TestCaseExtensionInterceptor.kt:24)
	at io.kotest.engine.test.TestCaseExecutor$execute$2$1.invokeSuspend(TestCaseExecutor.kt:78)
	at io.kotest.engine.test.TestCaseExecutor$execute$2$1.invoke(TestCaseExecutor.kt)
	at io.kotest.engine.test.TestCaseExecutor$execute$2$1.invoke(TestCaseExecutor.kt)
	at io.kotest.engine.test.interceptors.CoroutineErrorCollectorInterceptor$intercept$3.invokeSuspend(CoroutineErrorCollectorInterceptor.kt:29)
	at io.kotest.engine.test.interceptors.CoroutineErrorCollectorInterceptor$intercept$3.invoke(CoroutineErrorCollectorInterceptor.kt)
	at io.kotest.engine.test.interceptors.CoroutineErrorCollectorInterceptor$intercept$3.invoke(CoroutineErrorCollectorInterceptor.kt)
	at kotlinx.coroutines.intrinsics.UndispatchedKt.startUndispatchedOrReturn(Undispatched.kt:89)
	at kotlinx.coroutines.BuildersKt__Builders_commonKt.withContext(Builders.common.kt:165)
	at kotlinx.coroutines.BuildersKt.withContext(Unknown Source)
	at io.kotest.engine.test.interceptors.CoroutineErrorCollectorInterceptor.intercept(CoroutineErrorCollectorInterceptor.kt:28)
	at io.kotest.engine.test.TestCaseExecutor$execute$2$1.invokeSuspend(TestCaseExecutor.kt:78)
	at io.kotest.engine.test.TestCaseExecutor$execute$2$1.invoke(TestCaseExecutor.kt)
	at io.kotest.engine.test.TestCaseExecutor$execute$2$1.invoke(TestCaseExecutor.kt)
	at io.kotest.engine.test.interceptors.CoroutineDispatcherFactoryInterceptor$intercept$4.invokeSuspend(coroutineDispatcherFactoryInterceptor.kt:57)
	at io.kotest.engine.test.interceptors.CoroutineDispatcherFactoryInterceptor$intercept$4.invoke(coroutineDispatcherFactoryInterceptor.kt)
	at io.kotest.engine.test.interceptors.CoroutineDispatcherFactoryInterceptor$intercept$4.invoke(coroutineDispatcherFactoryInterceptor.kt)
	at io.kotest.engine.concurrency.FixedThreadCoroutineDispatcherFactory$withDispatcher$4.invokeSuspend(FixedThreadCoroutineDispatcherFactory.kt:53)
	at io.kotest.engine.concurrency.FixedThreadCoroutineDispatcherFactory$withDispatcher$4.invoke(FixedThreadCoroutineDispatcherFactory.kt)
	at io.kotest.engine.concurrency.FixedThreadCoroutineDispatcherFactory$withDispatcher$4.invoke(FixedThreadCoroutineDispatcherFactory.kt)
	at kotlinx.coroutines.intrinsics.UndispatchedKt.startUndispatchedOrReturn(Undispatched.kt:89)
	at kotlinx.coroutines.BuildersKt__Builders_commonKt.withContext(Builders.common.kt:165)
	at kotlinx.coroutines.BuildersKt.withContext(Unknown Source)
	at io.kotest.engine.concurrency.FixedThreadCoroutineDispatcherFactory.withDispatcher(FixedThreadCoroutineDispatcherFactory.kt:52)
	at io.kotest.engine.test.interceptors.CoroutineDispatcherFactoryInterceptor.intercept(coroutineDispatcherFactoryInterceptor.kt:56)
	at io.kotest.engine.test.TestCaseExecutor$execute$2$1.invokeSuspend(TestCaseExecutor.kt:78)
	at io.kotest.engine.test.TestCaseExecutor$execute$2$1.invoke(TestCaseExecutor.kt)
	at io.kotest.engine.test.TestCaseExecutor$execute$2$1.invoke(TestCaseExecutor.kt)
	at io.kotest.engine.test.interceptors.SupervisorScopeInterceptor$intercept$2.invokeSuspend(SupervisorScopeInterceptor.kt:23)
	at io.kotest.engine.test.interceptors.SupervisorScopeInterceptor$intercept$2.invoke(SupervisorScopeInterceptor.kt)
	at io.kotest.engine.test.interceptors.SupervisorScopeInterceptor$intercept$2.invoke(SupervisorScopeInterceptor.kt)
	at kotlinx.coroutines.intrinsics.UndispatchedKt.startUndispatchedOrReturn(Undispatched.kt:89)
	at kotlinx.coroutines.SupervisorKt.supervisorScope(Supervisor.kt:61)
	at io.kotest.engine.test.interceptors.SupervisorScopeInterceptor.intercept(SupervisorScopeInterceptor.kt:22)
	at io.kotest.engine.test.TestCaseExecutor$execute$2$1.invokeSuspend(TestCaseExecutor.kt:78)
	at io.kotest.engine.test.TestCaseExecutor$execute$2$1.invoke(TestCaseExecutor.kt)
	at io.kotest.engine.test.TestCaseExecutor$execute$2$1.invoke(TestCaseExecutor.kt)
	at io.kotest.engine.test.interceptors.InvocationCountCheckInterceptor.intercept(InvocationCountCheckInterceptor.kt:29)
	at io.kotest.engine.test.TestCaseExecutor$execute$2$1.invokeSuspend(TestCaseExecutor.kt:78)
	at io.kotest.engine.test.TestCaseExecutor$execute$2$1.invoke(TestCaseExecutor.kt)
	at io.kotest.engine.test.TestCaseExecutor$execute$2$1.invoke(TestCaseExecutor.kt)
	at io.kotest.engine.test.interceptors.TestFinishedInterceptor.intercept(TestFinishedInterceptor.kt:21)
	at io.kotest.engine.test.TestCaseExecutor$execute$2$1.invokeSuspend(TestCaseExecutor.kt:78)
	at io.kotest.engine.test.TestCaseExecutor$execute$2$1.invoke(TestCaseExecutor.kt)
	at io.kotest.engine.test.TestCaseExecutor$execute$2$1.invoke(TestCaseExecutor.kt)
	at io.kotest.engine.test.TestCaseExecutor.execute(TestCaseExecutor.kt:79)
	at io.kotest.engine.spec.runners.SingleInstanceSpecRunner.runTest(SingleInstanceSpecRunner.kt:112)
	at io.kotest.engine.spec.runners.SingleInstanceSpecRunner.access$runTest(SingleInstanceSpecRunner.kt:31)
	at io.kotest.engine.spec.runners.SingleInstanceSpecRunner$Context.registerTestCase(SingleInstanceSpecRunner.kt:85)
	at io.kotest.engine.test.scopes.DuplicateNameHandlingTestScope.registerTestCase(DuplicateNameHandlingTestScope.kt:21)
	at io.kotest.engine.test.scopes.TestScopeWithCoroutineContext.registerTestCase(scopes.kt)
	at io.kotest.core.spec.style.scopes.AbstractContainerScope.registerTestCase$suspendImpl(ContainerScope.kt:209)
	at io.kotest.core.spec.style.scopes.AbstractContainerScope.registerTestCase(ContainerScope.kt)
	at io.kotest.core.spec.style.scopes.AbstractContainerScope.registerTestCase$suspendImpl(ContainerScope.kt:209)
	at io.kotest.core.spec.style.scopes.AbstractContainerScope.registerTestCase(ContainerScope.kt)
	at io.kotest.core.spec.style.scopes.ContainerScope$DefaultImpls.registerTest(ContainerScope.kt:76)
	at io.kotest.core.spec.style.scopes.AbstractContainerScope.registerTest(ContainerScope.kt:205)
	at io.kotest.core.spec.style.scopes.WordSpecShouldContainerScope.invoke(WordSpecShouldContainerScope.kt:64)
	at MainTest$1$2.invokeSuspend(MainTest.kt:63)
	at MainTest$1$2.invoke(MainTest.kt)
	at MainTest$1$2.invoke(MainTest.kt)
	at io.kotest.core.spec.style.scopes.WordSpecRootScope$addShould$1.invokeSuspend(WordSpecRootScope.kt:15)
	at io.kotest.core.spec.style.scopes.WordSpecRootScope$addShould$1.invoke(WordSpecRootScope.kt)
	at io.kotest.core.spec.style.scopes.WordSpecRootScope$addShould$1.invoke(WordSpecRootScope.kt)
	at io.kotest.core.spec.style.scopes.RootScopeKt$addTest$1.invokeSuspend(RootScope.kt:36)
	at io.kotest.core.spec.style.scopes.RootScopeKt$addTest$1.invoke(RootScope.kt)
	at io.kotest.core.spec.style.scopes.RootScopeKt$addTest$1.invoke(RootScope.kt)
	at io.kotest.engine.test.TestCaseExecutor$execute$innerExecute$1.invokeSuspend(TestCaseExecutor.kt:73)
	at io.kotest.engine.test.TestCaseExecutor$execute$innerExecute$1.invoke(TestCaseExecutor.kt)
	at io.kotest.engine.test.TestCaseExecutor$execute$innerExecute$1.invoke(TestCaseExecutor.kt)
	at io.kotest.engine.test.interceptors.CoroutineDebugProbeInterceptor.intercept(CoroutineDebugProbeInterceptor.kt:29)
	at io.kotest.engine.test.TestCaseExecutor$execute$2$1.invokeSuspend(TestCaseExecutor.kt:78)
	at io.kotest.engine.test.TestCaseExecutor$execute$2$1.invoke(TestCaseExecutor.kt)
	at io.kotest.engine.test.TestCaseExecutor$execute$2$1.invoke(TestCaseExecutor.kt)
	at io.kotest.engine.test.interceptors.InvocationTimeoutInterceptor.intercept(InvocationTimeoutInterceptor.kt:28)
	at io.kotest.engine.test.TestCaseExecutor$execute$2$1.invokeSuspend(TestCaseExecutor.kt:78)
	at io.kotest.engine.test.TestCaseExecutor$execute$2$1.invoke(TestCaseExecutor.kt)
	at io.kotest.engine.test.TestCaseExecutor$execute$2$1.invoke(TestCaseExecutor.kt)
	at io.kotest.engine.test.TestInvocationInterceptor$intercept$2$3.invokeSuspend(TestInvocationInterceptor.kt:35)
	at io.kotest.engine.test.TestInvocationInterceptor$intercept$2$3.invoke(TestInvocationInterceptor.kt)
	at io.kotest.engine.test.TestInvocationInterceptor$intercept$2$3.invoke(TestInvocationInterceptor.kt)
	at io.kotest.mpp.ReplayKt.replay(replay.kt:18)
	at io.kotest.engine.test.TestInvocationInterceptor$intercept$2.invokeSuspend(TestInvocationInterceptor.kt:30)
	at io.kotest.engine.test.TestInvocationInterceptor$intercept$2.invoke(TestInvocationInterceptor.kt)
	at io.kotest.engine.test.TestInvocationInterceptor$intercept$2.invoke(TestInvocationInterceptor.kt)
	at kotlinx.coroutines.intrinsics.UndispatchedKt.startUndispatchedOrReturn(Undispatched.kt:89)
	at kotlinx.coroutines.CoroutineScopeKt.coroutineScope(CoroutineScope.kt:264)
	at io.kotest.engine.test.TestInvocationInterceptor.intercept(TestInvocationInterceptor.kt:29)
	at io.kotest.engine.test.TestCaseExecutor$execute$2$1.invokeSuspend(TestCaseExecutor.kt:78)
	at io.kotest.engine.test.TestCaseExecutor$execute$2$1.invoke(TestCaseExecutor.kt)
	at io.kotest.engine.test.TestCaseExecutor$execute$2$1.invoke(TestCaseExecutor.kt)
	at io.kotest.engine.test.interceptors.TimeoutInterceptor$intercept$3.invokeSuspend(TimeoutInterceptor.kt:34)
	at io.kotest.engine.test.interceptors.TimeoutInterceptor$intercept$3.invoke(TimeoutInterceptor.kt)
	at io.kotest.engine.test.interceptors.TimeoutInterceptor$intercept$3.invoke(TimeoutInterceptor.kt)
	at kotlinx.coroutines.intrinsics.UndispatchedKt.startUndispatchedOrReturnIgnoreTimeout(Undispatched.kt:100)
	at kotlinx.coroutines.TimeoutKt.setupTimeout(Timeout.kt:146)
	at kotlinx.coroutines.TimeoutKt.withTimeout(Timeout.kt:44)
	at kotlinx.coroutines.TimeoutKt.withTimeout-KLykuaI(Timeout.kt:71)
	at io.kotest.engine.test.interceptors.TimeoutInterceptor.intercept(TimeoutInterceptor.kt:33)
	at io.kotest.engine.test.TestCaseExecutor$execute$2$1.invokeSuspend(TestCaseExecutor.kt:78)
	at io.kotest.engine.test.TestCaseExecutor$execute$2$1.invoke(TestCaseExecutor.kt)
	at io.kotest.engine.test.TestCaseExecutor$execute$2$1.invoke(TestCaseExecutor.kt)
	at io.kotest.engine.test.interceptors.BlockedThreadTimeoutInterceptor.intercept(BlockedThreadTimeoutInterceptor.kt:74)
	at io.kotest.engine.test.TestCaseExecutor$execute$2$1.invokeSuspend(TestCaseExecutor.kt:78)
	at io.kotest.engine.test.TestCaseExecutor$execute$2$1.invoke(TestCaseExecutor.kt)
	at io.kotest.engine.test.TestCaseExecutor$execute$2$1.invoke(TestCaseExecutor.kt)
	at io.kotest.engine.test.interceptors.CoroutineLoggingInterceptor.intercept(CoroutineLoggingInterceptor.kt:30)
	at io.kotest.engine.test.TestCaseExecutor$execute$2$1.invokeSuspend(TestCaseExecutor.kt:78)
	at io.kotest.engine.test.TestCaseExecutor$execute$2$1.invoke(TestCaseExecutor.kt)
	at io.kotest.engine.test.TestCaseExecutor$execute$2$1.invoke(TestCaseExecutor.kt)
	at io.kotest.engine.test.interceptors.SoftAssertInterceptor.intercept(SoftAssertInterceptor.kt:26)
	at io.kotest.engine.test.TestCaseExecutor$execute$2$1.invokeSuspend(TestCaseExecutor.kt:78)
	at io.kotest.engine.test.TestCaseExecutor$execute$2$1.invoke(TestCaseExecutor.kt)
	at io.kotest.engine.test.TestCaseExecutor$execute$2$1.invoke(TestCaseExecutor.kt)
	at io.kotest.engine.test.interceptors.AssertionModeInterceptor.intercept(AssertionModeInterceptor.kt:24)
	at io.kotest.engine.test.TestCaseExecutor$execute$2$1.invokeSuspend(TestCaseExecutor.kt:78)
	at io.kotest.engine.test.TestCaseExecutor$execute$2$1.invoke(TestCaseExecutor.kt)
	at io.kotest.engine.test.TestCaseExecutor$execute$2$1.invoke(TestCaseExecutor.kt)
	at io.kotest.engine.test.interceptors.LifecycleInterceptor.intercept(LifecycleInterceptor.kt:50)
	at io.kotest.engine.test.TestCaseExecutor$execute$2$1.invokeSuspend(TestCaseExecutor.kt:78)
	at io.kotest.engine.test.TestCaseExecutor$execute$2$1.invoke(TestCaseExecutor.kt)
	at io.kotest.engine.test.TestCaseExecutor$execute$2$1.invoke(TestCaseExecutor.kt)
	at io.kotest.engine.test.interceptors.EnabledCheckInterceptor.intercept(EnabledCheckInterceptor.kt:31)
	at io.kotest.engine.test.TestCaseExecutor$execute$2$1.invokeSuspend(TestCaseExecutor.kt:78)
	at io.kotest.engine.test.TestCaseExecutor$execute$2$1.invoke(TestCaseExecutor.kt)
	at io.kotest.engine.test.TestCaseExecutor$execute$2$1.invoke(TestCaseExecutor.kt)
	at io.kotest.engine.test.interceptors.TestCaseExtensionInterceptor$intercept$2.invokeSuspend(TestCaseExtensionInterceptor.kt:24)
	at io.kotest.engine.test.interceptors.TestCaseExtensionInterceptor$intercept$2.invoke(TestCaseExtensionInterceptor.kt)
	at io.kotest.engine.test.interceptors.TestCaseExtensionInterceptor$intercept$2.invoke(TestCaseExtensionInterceptor.kt)
	at io.kotest.engine.test.TestExtensions.intercept(TestExtensions.kt:154)
	at io.kotest.engine.test.interceptors.TestCaseExtensionInterceptor.intercept(TestCaseExtensionInterceptor.kt:24)
	at io.kotest.engine.test.TestCaseExecutor$execute$2$1.invokeSuspend(TestCaseExecutor.kt:78)
	at io.kotest.engine.test.TestCaseExecutor$execute$2$1.invoke(TestCaseExecutor.kt)
	at io.kotest.engine.test.TestCaseExecutor$execute$2$1.invoke(TestCaseExecutor.kt)
	at io.kotest.engine.test.interceptors.CoroutineErrorCollectorInterceptor$intercept$3.invokeSuspend(CoroutineErrorCollectorInterceptor.kt:29)
	at io.kotest.engine.test.interceptors.CoroutineErrorCollectorInterceptor$intercept$3.invoke(CoroutineErrorCollectorInterceptor.kt)
	at io.kotest.engine.test.interceptors.CoroutineErrorCollectorInterceptor$intercept$3.invoke(CoroutineErrorCollectorInterceptor.kt)
	at kotlinx.coroutines.intrinsics.UndispatchedKt.startUndispatchedOrReturn(Undispatched.kt:89)
	at kotlinx.coroutines.BuildersKt__Builders_commonKt.withContext(Builders.common.kt:165)
	at kotlinx.coroutines.BuildersKt.withContext(Unknown Source)
	at io.kotest.engine.test.interceptors.CoroutineErrorCollectorInterceptor.intercept(CoroutineErrorCollectorInterceptor.kt:28)
	at io.kotest.engine.test.TestCaseExecutor$execute$2$1.invokeSuspend(TestCaseExecutor.kt:78)
	at io.kotest.engine.test.TestCaseExecutor$execute$2$1.invoke(TestCaseExecutor.kt)
	at io.kotest.engine.test.TestCaseExecutor$execute$2$1.invoke(TestCaseExecutor.kt)
	at io.kotest.engine.test.interceptors.CoroutineDispatcherFactoryInterceptor$intercept$4.invokeSuspend(coroutineDispatcherFactoryInterceptor.kt:57)
	at io.kotest.engine.test.interceptors.CoroutineDispatcherFactoryInterceptor$intercept$4.invoke(coroutineDispatcherFactoryInterceptor.kt)
	at io.kotest.engine.test.interceptors.CoroutineDispatcherFactoryInterceptor$intercept$4.invoke(coroutineDispatcherFactoryInterceptor.kt)
	at io.kotest.engine.concurrency.FixedThreadCoroutineDispatcherFactory$withDispatcher$4.invokeSuspend(FixedThreadCoroutineDispatcherFactory.kt:53)
	at kotlin.coroutines.jvm.internal.BaseContinuationImpl.resumeWith(ContinuationImpl.kt:33)
	at kotlinx.coroutines.DispatchedTask.run(DispatchedTask.kt:106)
	at java.util.concurrent.ThreadPoolExecutor.runWorker(ThreadPoolExecutor.java:1142)
	at java.util.concurrent.ThreadPoolExecutor$Worker.run(ThreadPoolExecutor.java:617)
	at java.lang.Thread.run(Thread.java:748)
</failure>
  </testcase>
  <system-out><![CDATA[]]></system-out>
  <system-err><![CDATA[]]></system-err>
</testsuite>
