<?xml version="1.0" encoding="UTF-8"?>
<testsuite name="MainTest" tests="9" skipped="0" failures="0" errors="0" timestamp="2022-02-28T19:45:00" hostname="MacBook-Pro-2" time="0.121">
  <properties/>
  <testcase name="determine if 4 character string is an ABBA sequence" classname="MainTest" time="0.012"/>
  <testcase name="determine if a string of any length contaisn ABBA sequence" classname="MainTest" time="0.001"/>
  <testcase name="hypernet sequence is a string contained between two score brackets" classname="MainTest" time="0.002"/>
  <testcase name="string abcd[bddb]xyyx with hypernetSequence removed is [abcd,xyyx]" classname="MainTest" time="0.001"/>
  <testcase name="abba[mnop]qrst supports TLS" classname="MainTest" time="0.0"/>
  <testcase name="abcd[bddb]xyyx does not support TLS" classname="MainTest" time="0.0"/>
  <testcase name="aaaa[qwer]tyui does not support TLS" classname="MainTest" time="0.001"/>
  <testcase name="ioxxoj[asdfgh]zxcvbn supports TLS" classname="MainTest" time="0.001"/>
  <testcase name="result using puzzle input is 118" classname="MainTest" time="0.087"/>
  <system-out><![CDATA[]]></system-out>
  <system-err><![CDATA[]]></system-err>
</testsuite>
