<?xml version="1.0" encoding="UTF-8"?>
<testsuite name="MainTest" tests="8" skipped="0" failures="0" errors="0" timestamp="2022-02-24T15:19:11" hostname="MacBook-Pro-2" time="0.056">
  <properties/>
  <testcase name="when moving in the grid don't go outside of boundaries" classname="MainTest" time="0.014"/>
  <testcase name="button represented by each position" classname="MainTest" time="0.025"/>
  <testcase name="Sequence ULL leads to button 1" classname="MainTest" time="0.0"/>
  <testcase name="the sample data leads to number 1985" classname="MainTest" time="0.002"/>
  <testcase name="using the puzzle input" classname="MainTest" time="0.002"/>
  <testcase name="button represented by each position" classname="MainTest" time="0.001"/>
  <testcase name="the sample data leads to number 5DB3" classname="MainTest" time="0.0"/>
  <testcase name="using the puzzle input" classname="MainTest" time="0.001"/>
  <system-out><![CDATA[]]></system-out>
  <system-err><![CDATA[]]></system-err>
</testsuite>
